PushSDK/build/intermediates/manifest_merge_blame_file/debug/manifest-merger-blame-debug-report.txt
1<?xml version="1.0" encoding="utf-8"?>
2<manifest xmlns:android="http://schemas.android.com/apk/res/android"
3    package="com.umeng.message.lib"
4    android:versionCode="1"
5    android:versionName="1.0" >
6
7    <uses-sdk
8        android:minSdkVersion="15"
8-->Run-XYL\PushSDK\AndroidManifest.xml
9        android:targetSdkVersion="22" />
9-->Run-XYL\PushSDK\AndroidManifest.xml
10
11    <!-- 必选 -->
12    <uses-permission android:name="android.permission.WRITE_SETTINGS" />
12-->Run-XYL\PushSDK\AndroidManifest.xml:8:5-73
12-->Run-XYL\PushSDK\AndroidManifest.xml:8:22-70
13    <uses-permission android:name="android.permission.INTERNET" />
13-->Run-XYL\PushSDK\AndroidManifest.xml:9:5-67
13-->Run-XYL\PushSDK\AndroidManifest.xml:9:22-64
14    <uses-permission android:name="android.permission.ACCESS_NETWORK_STATE" />
14-->Run-XYL\PushSDK\AndroidManifest.xml:10:5-79
14-->Run-XYL\PushSDK\AndroidManifest.xml:10:22-76
15    <uses-permission android:name="android.permission.ACCESS_WIFI_STATE" />
15-->Run-XYL\PushSDK\AndroidManifest.xml:11:5-76
15-->Run-XYL\PushSDK\AndroidManifest.xml:11:22-73
16    <uses-permission android:name="android.permission.WRITE_EXTERNAL_STORAGE" />
16-->Run-XYL\PushSDK\AndroidManifest.xml:12:5-81
16-->Run-XYL\PushSDK\AndroidManifest.xml:12:22-78
17    <uses-permission android:name="android.permission.WAKE_LOCK" />
17-->Run-XYL\PushSDK\AndroidManifest.xml:13:5-68
17-->Run-XYL\PushSDK\AndroidManifest.xml:13:22-65
18    <uses-permission android:name="android.permission.READ_PHONE_STATE" />
18-->Run-XYL\PushSDK\AndroidManifest.xml:14:5-75
18-->Run-XYL\PushSDK\AndroidManifest.xml:14:22-72
19    <uses-permission android:name="android.permission.CHANGE_NETWORK_STATE" />
19-->Run-XYL\PushSDK\AndroidManifest.xml:15:5-79
19-->Run-XYL\PushSDK\AndroidManifest.xml:15:22-76
20    <uses-permission android:name="android.permission.CHANGE_WIFI_STATE" />
20-->Run-XYL\PushSDK\AndroidManifest.xml:16:5-76
20-->Run-XYL\PushSDK\AndroidManifest.xml:16:22-73
21    <uses-permission android:name="android.permission.RECEIVE_BOOT_COMPLETED" />
21-->Run-XYL\PushSDK\AndroidManifest.xml:17:5-81
21-->Run-XYL\PushSDK\AndroidManifest.xml:17:22-78
22
23    <!-- 可选 -->
24    <uses-permission android:name="android.permission.BROADCAST_PACKAGE_ADDED" />
24-->Run-XYL\PushSDK\AndroidManifest.xml:20:5-82
24-->Run-XYL\PushSDK\AndroidManifest.xml:20:22-79
25    <uses-permission android:name="android.permission.BROADCAST_PACKAGE_CHANGED" />
25-->Run-XYL\PushSDK\AndroidManifest.xml:21:5-84
25-->Run-XYL\PushSDK\AndroidManifest.xml:21:22-81
26    <uses-permission android:name="android.permission.BROADCAST_PACKAGE_INSTALL" />
26-->Run-XYL\PushSDK\AndroidManifest.xml:22:5-84
26-->Run-XYL\PushSDK\AndroidManifest.xml:22:22-81
27    <uses-permission android:name="android.permission.BROADCAST_PACKAGE_REPLACED" />
27-->Run-XYL\PushSDK\AndroidManifest.xml:23:5-85
27-->Run-XYL\PushSDK\AndroidManifest.xml:23:22-82
28    <uses-permission android:name="android.permission.VIBRATE" />
28-->Run-XYL\PushSDK\AndroidManifest.xml:24:5-66
28-->Run-XYL\PushSDK\AndroidManifest.xml:24:22-63
29
30    <application android:allowBackup="true" >
30-->Run-XYL\PushSDK\AndroidManifest.xml:26:5-131:19
30-->Run-XYL\PushSDK\AndroidManifest.xml:26:18-44
31        <receiver
31-->Run-XYL\PushSDK\AndroidManifest.xml:27:9-30:20
32            android:name="com.umeng.message.NotificationProxyBroadcastReceiver"
32-->Run-XYL\PushSDK\AndroidManifest.xml:28:13-80
33            android:exported="false" >
33-->Run-XYL\PushSDK\AndroidManifest.xml:29:13-37
34        </receiver>
35        <receiver
35-->Run-XYL\PushSDK\AndroidManifest.xml:31:9-45:20
36            android:name="com.umeng.message.SystemReceiver"
36-->Run-XYL\PushSDK\AndroidManifest.xml:32:13-60
37            android:process=":push" >
37-->Run-XYL\PushSDK\AndroidManifest.xml:33:13-36
38            <intent-filter>
38-->Run-XYL\PushSDK\AndroidManifest.xml:34:13-36:29
39                <action android:name="android.intent.action.BOOT_COMPLETED" />
39-->Run-XYL\PushSDK\AndroidManifest.xml:35:17-79
39-->Run-XYL\PushSDK\AndroidManifest.xml:35:25-76
40            </intent-filter>
41            <intent-filter>
41-->Run-XYL\PushSDK\AndroidManifest.xml:37:13-39:29
42                <action android:name="android.net.conn.CONNECTIVITY_CHANGE" />
42-->Run-XYL\PushSDK\AndroidManifest.xml:38:17-79
42-->Run-XYL\PushSDK\AndroidManifest.xml:38:25-76
43            </intent-filter>
44            <intent-filter>
44-->Run-XYL\PushSDK\AndroidManifest.xml:40:13-44:29
45                <action android:name="android.intent.action.PACKAGE_REMOVED" />
45-->Run-XYL\PushSDK\AndroidManifest.xml:41:17-80
45-->Run-XYL\PushSDK\AndroidManifest.xml:41:25-77
46
47                <data android:scheme="package" />
47-->Run-XYL\PushSDK\AndroidManifest.xml:43:17-50
47-->Run-XYL\PushSDK\AndroidManifest.xml:43:23-47
48            </intent-filter>
49        </receiver>
50        <receiver
50-->Run-XYL\PushSDK\AndroidManifest.xml:46:9-53:20
51            android:name="com.umeng.message.MessageReceiver"
51-->Run-XYL\PushSDK\AndroidManifest.xml:47:13-61
52            android:exported="false"
52-->Run-XYL\PushSDK\AndroidManifest.xml:48:13-37
53            android:process=":push" >
53-->Run-XYL\PushSDK\AndroidManifest.xml:49:13-36
54            <intent-filter>
54-->Run-XYL\PushSDK\AndroidManifest.xml:50:13-52:29
55                <action android:name="org.agoo.android.intent.action.RECEIVE" />
55-->Run-XYL\PushSDK\AndroidManifest.xml:51:17-81
55-->Run-XYL\PushSDK\AndroidManifest.xml:51:25-78
56            </intent-filter>
57        </receiver>
58        <receiver
58-->Run-XYL\PushSDK\AndroidManifest.xml:54:9-62:20
59            android:name="com.umeng.message.ElectionReceiver"
59-->Run-XYL\PushSDK\AndroidManifest.xml:55:13-62
60            android:process=":push" >
60-->Run-XYL\PushSDK\AndroidManifest.xml:56:13-36
61            <intent-filter>
61-->Run-XYL\PushSDK\AndroidManifest.xml:57:13-61:29
62                <action android:name="org.agoo.android.intent.action.ELECTION_RESULT_V4" />
62-->Run-XYL\PushSDK\AndroidManifest.xml:58:17-92
62-->Run-XYL\PushSDK\AndroidManifest.xml:58:25-89
63
64                <category android:name="umeng" />
64-->Run-XYL\PushSDK\AndroidManifest.xml:60:17-50
64-->Run-XYL\PushSDK\AndroidManifest.xml:60:27-47
65            </intent-filter>
66        </receiver>
67        <receiver
67-->Run-XYL\PushSDK\AndroidManifest.xml:63:9-69:20
68            android:name="com.umeng.message.RegistrationReceiver"
68-->Run-XYL\PushSDK\AndroidManifest.xml:64:13-66
69            android:exported="false" >
69-->Run-XYL\PushSDK\AndroidManifest.xml:65:13-37
70            <intent-filter>
70-->Run-XYL\PushSDK\AndroidManifest.xml:66:13-68:29
71                <action android:name="${applicationId}.intent.action.COMMAND" />
71-->Run-XYL\PushSDK\AndroidManifest.xml:67:17-81
71-->Run-XYL\PushSDK\AndroidManifest.xml:67:25-78
72            </intent-filter>
73        </receiver>
74        <receiver android:name="com.umeng.message.UmengMessageBootReceiver" >
74-->Run-XYL\PushSDK\AndroidManifest.xml:70:9-74:20
74-->Run-XYL\PushSDK\AndroidManifest.xml:70:19-76
75            <intent-filter>
75-->Run-XYL\PushSDK\AndroidManifest.xml:34:13-36:29
76                <action android:name="android.intent.action.BOOT_COMPLETED" />
76-->Run-XYL\PushSDK\AndroidManifest.xml:35:17-79
76-->Run-XYL\PushSDK\AndroidManifest.xml:35:25-76
77            </intent-filter>
78        </receiver>
79
80        <service
80-->Run-XYL\PushSDK\AndroidManifest.xml:76:9-92:19
81            android:name="com.umeng.message.UmengService"
81-->Run-XYL\PushSDK\AndroidManifest.xml:77:13-58
82            android:exported="true"
82-->Run-XYL\PushSDK\AndroidManifest.xml:78:13-36
83            android:label="PushService"
83-->Run-XYL\PushSDK\AndroidManifest.xml:79:13-40
84            android:process=":push" >
84-->Run-XYL\PushSDK\AndroidManifest.xml:80:13-36
85            <intent-filter>
85-->Run-XYL\PushSDK\AndroidManifest.xml:81:13-83:29
86                <action android:name="${applicationId}.intent.action.START" />
86-->Run-XYL\PushSDK\AndroidManifest.xml:82:17-79
86-->Run-XYL\PushSDK\AndroidManifest.xml:82:25-76
87            </intent-filter>
88            <intent-filter>
88-->Run-XYL\PushSDK\AndroidManifest.xml:84:13-86:29
89                <action android:name="${applicationId}.intent.action.COCKROACH" />
89-->Run-XYL\PushSDK\AndroidManifest.xml:85:17-83
89-->Run-XYL\PushSDK\AndroidManifest.xml:85:25-80
90            </intent-filter>
91            <intent-filter>
91-->Run-XYL\PushSDK\AndroidManifest.xml:87:13-91:29
92                <action android:name="org.agoo.android.intent.action.PING_V4" />
92-->Run-XYL\PushSDK\AndroidManifest.xml:88:17-81
92-->Run-XYL\PushSDK\AndroidManifest.xml:88:25-78
93
94                <category android:name="umeng" />
94-->Run-XYL\PushSDK\AndroidManifest.xml:60:17-50
94-->Run-XYL\PushSDK\AndroidManifest.xml:60:27-47
95            </intent-filter>
96        </service>
97        <service
97-->Run-XYL\PushSDK\AndroidManifest.xml:93:9-95:39
98            android:name="com.umeng.message.UmengIntentService"
98-->Run-XYL\PushSDK\AndroidManifest.xml:94:13-64
99            android:process=":push" />
99-->Run-XYL\PushSDK\AndroidManifest.xml:95:13-36
100        <service
100-->Run-XYL\PushSDK\AndroidManifest.xml:96:9-106:19
101            android:name="com.umeng.message.UmengMessageIntentReceiverService"
101-->Run-XYL\PushSDK\AndroidManifest.xml:97:13-79
102            android:exported="true"
102-->Run-XYL\PushSDK\AndroidManifest.xml:98:13-36
103            android:process=":push" >
103-->Run-XYL\PushSDK\AndroidManifest.xml:99:13-36
104            <intent-filter>
104-->Run-XYL\PushSDK\AndroidManifest.xml:100:13-102:29
105                <action android:name="org.android.agoo.client.MessageReceiverService" />
105-->Run-XYL\PushSDK\AndroidManifest.xml:101:17-89
105-->Run-XYL\PushSDK\AndroidManifest.xml:101:25-86
106            </intent-filter>
107            <intent-filter>
107-->Run-XYL\PushSDK\AndroidManifest.xml:103:13-105:29
108                <action android:name="org.android.agoo.client.ElectionReceiverService" />
108-->Run-XYL\PushSDK\AndroidManifest.xml:104:17-90
108-->Run-XYL\PushSDK\AndroidManifest.xml:104:25-87
109            </intent-filter>
110        </service>
111        <service
111-->Run-XYL\PushSDK\AndroidManifest.xml:107:9-122:19
112            android:name="com.umeng.message.UmengMessageCallbackHandlerService"
112-->Run-XYL\PushSDK\AndroidManifest.xml:108:13-80
113            android:exported="false" >
113-->Run-XYL\PushSDK\AndroidManifest.xml:109:13-37
114            <intent-filter>
114-->Run-XYL\PushSDK\AndroidManifest.xml:110:13-112:29
115                <action android:name="com.umeng.messge.registercallback.action" />
115-->Run-XYL\PushSDK\AndroidManifest.xml:111:17-83
115-->Run-XYL\PushSDK\AndroidManifest.xml:111:25-80
116            </intent-filter>
117            <intent-filter>
117-->Run-XYL\PushSDK\AndroidManifest.xml:113:13-115:29
118                <action android:name="com.umeng.message.unregistercallback.action" />
118-->Run-XYL\PushSDK\AndroidManifest.xml:114:17-86
118-->Run-XYL\PushSDK\AndroidManifest.xml:114:25-83
119            </intent-filter>
120            <intent-filter>
120-->Run-XYL\PushSDK\AndroidManifest.xml:116:13-118:29
121                <action android:name="com.umeng.message.message.handler.action" />
121-->Run-XYL\PushSDK\AndroidManifest.xml:117:17-83
121-->Run-XYL\PushSDK\AndroidManifest.xml:117:25-80
122            </intent-filter>
123            <intent-filter>
123-->Run-XYL\PushSDK\AndroidManifest.xml:119:13-121:29
124                <action android:name="com.umeng.message.autoupdate.handler.action" />
124-->Run-XYL\PushSDK\AndroidManifest.xml:120:17-86
124-->Run-XYL\PushSDK\AndroidManifest.xml:120:25-83
125            </intent-filter>
126        </service>
127        <!-- If you donot want to use the standard notification bar in SDK, you can define IntentService instead to handle message. -->
128
129        <service
129-->Run-XYL\PushSDK\AndroidManifest.xml:125:9-127:40
130            android:name="com.umeng.message.UmengDownloadResourceService"
130-->Run-XYL\PushSDK\AndroidManifest.xml:126:13-74
131            android:exported="false" />
131-->Run-XYL\PushSDK\AndroidManifest.xml:127:13-37
132        <service
132-->Run-XYL\PushSDK\AndroidManifest.xml:128:9-130:40
133            android:name="com.umeng.message.local.UmengLocalNotificationService"
133-->Run-XYL\PushSDK\AndroidManifest.xml:129:13-81
134            android:exported="false" />
134-->Run-XYL\PushSDK\AndroidManifest.xml:130:13-37
135    </application>
136
137</manifest>